\BOOKMARK [0][-]{chapter.1}{Introduction}{}% 1
\BOOKMARK [1][-]{section.1.1}{Models and Motivation}{chapter.1}% 2
\BOOKMARK [1][-]{section.1.2}{Cosmology and Nucleosynthesis}{chapter.1}% 3
\BOOKMARK [1][-]{section.1.3}{Direct Detection of sub-GeV Dark Matter}{chapter.1}% 4
\BOOKMARK [1][-]{section.1.4}{Neutrinos at IceCube}{chapter.1}% 5
\BOOKMARK [1][-]{section.1.5}{Summary of the Work}{chapter.1}% 6
\BOOKMARK [0][-]{chapter.2}{Big Bang Nucleosynthesis}{}% 7
\BOOKMARK [1][-]{section.2.1}{Cosmology with Light WIMPs}{chapter.2}% 8
\BOOKMARK [2][-]{subsection.2.1.1}{Temperature Evolution and Universe's Expansion}{section.2.1}% 9
\BOOKMARK [2][-]{subsection.2.1.2}{Nucleosynthesis in the Presence of Thermal BSM Particles}{section.2.1}% 10
\BOOKMARK [2][-]{subsection.2.1.3}{Cosmological Implications}{section.2.1}% 11
\BOOKMARK [1][-]{section.2.2}{Cosmological Data and Analysis}{chapter.2}% 12
\BOOKMARK [2][-]{subsection.2.2.1}{Big Bang Nucleosynthesis}{section.2.2}% 13
\BOOKMARK [2][-]{subsection.2.2.2}{Cosmic Microwave Background: Planck 2018}{section.2.2}% 14
\BOOKMARK [2][-]{subsection.2.2.3}{BBN+CMB Data Combinations}{section.2.2}% 15
\BOOKMARK [2][-]{subsection.2.2.4}{Statistical Assessment}{section.2.2}% 16
\BOOKMARK [1][-]{section.2.3}{Current Cosmological Constraints}{chapter.2}% 17
\BOOKMARK [1][-]{section.2.4}{Future Cosmological Constraints}{chapter.2}% 18
\BOOKMARK [2][-]{subsection.2.4.1}{Cosmic Microwave Background}{section.2.4}% 19
\BOOKMARK [2][-]{subsection.2.4.2}{Big Bang Nucleosynthesis}{section.2.4}% 20
\BOOKMARK [1][-]{section.2.5}{Discussion}{chapter.2}% 21
\BOOKMARK [2][-]{subsection.2.5.1}{Particle Physics Scenarios}{section.2.5}% 22
\BOOKMARK [2][-]{subsection.2.5.2}{Modified Cosmological Histories}{section.2.5}% 23
\BOOKMARK [2][-]{subsection.2.5.3}{Comparison with Previous Literature}{section.2.5}% 24
\BOOKMARK [1][-]{section.2.6}{Conclusions}{chapter.2}% 25
\BOOKMARK [0][-]{chapter.3}{Inelastic Cosmic Ray Collisions}{}% 26
\BOOKMARK [1][-]{section.3.1}{Cosmic Ray Dark Matter Flux}{chapter.3}% 27
\BOOKMARK [1][-]{section.3.2}{Attenuation through the Earth}{chapter.3}% 28
\BOOKMARK [1][-]{section.3.3}{Limits}{chapter.3}% 29
\BOOKMARK [1][-]{section.3.4}{Summary and Conclusions}{chapter.3}% 30
\BOOKMARK [0][-]{chapter.4}{Dark Matter at IceCube}{}% 31
\BOOKMARK [1][-]{section.4.1}{How to Generate a Neutrino Mass}{chapter.4}% 32
\BOOKMARK [1][-]{section.4.2}{The Low Energy Effective Field Theory}{chapter.4}% 33
\BOOKMARK [2][-]{subsection.4.2.1}{Lagrangian and Particle Content}{section.4.2}% 34
\BOOKMARK [2][-]{subsection.4.2.2}{Astrophysical, Cosmological, and Particle Physics Constraints}{section.4.2}% 35
\BOOKMARK [2][-]{subsection.4.2.3}{ Cross-Section}{section.4.2}% 36
\BOOKMARK [1][-]{section.4.3}{IceCube, IceCube 170922A and TXS 0506+056}{chapter.4}% 37
\BOOKMARK [2][-]{subsection.4.3.1}{The Neutrino Luminosity from TXS 0506+056}{section.4.3}% 38
\BOOKMARK [1][-]{section.4.4}{Results}{chapter.4}% 39
\BOOKMARK [2][-]{subsection.4.4.1}{Parameter Choices}{section.4.4}% 40
\BOOKMARK [2][-]{subsection.4.4.2}{Analysis}{section.4.4}% 41
\BOOKMARK [1][-]{section.4.5}{Discussion}{chapter.4}% 42
\BOOKMARK [0][-]{chapter*.19}{References}{}% 43
\BOOKMARK [0][-]{chapter*.20}{Appendix}{}% 44
\BOOKMARK [1][-]{section.4.1}{Big Bang Nucleosynthesis}{chapter*.20}% 45
\BOOKMARK [2][-]{subsection.4.1.1}{Temperature Evolution and Universe's Expansion}{section.4.1}% 46
\BOOKMARK [2][-]{subsection.4.1.2}{Consistency Checks of Modified BBN Code}{section.4.1}% 47
\BOOKMARK [2][-]{subsection.4.1.3}{Comparison with Previous Literature}{section.4.1}% 48
\BOOKMARK [2][-]{subsection.4.1.4}{Conservative Range for the Baryon Density from CMB observations}{section.4.1}% 49
\BOOKMARK [2][-]{subsection.4.1.5}{Implications for Lithium-7 and Helium-3}{section.4.1}% 50
\BOOKMARK [2][-]{subsection.4.1.6}{CMB-S4 Forecast}{section.4.1}% 51
\BOOKMARK [1][-]{section.4.2}{Neutrino Propagation}{chapter*.20}% 52
\BOOKMARK [2][-]{subsection.4.2.1}{Neutrino Masses}{section.4.2}% 53
\BOOKMARK [2][-]{subsection.4.2.2}{Why do we only have to worry about one process?}{section.4.2}% 54
\BOOKMARK [2][-]{subsection.4.2.3}{Contribution from }{section.4.2}% 55
\BOOKMARK [2][-]{subsection.4.2.4}{Mass Splitting in the Complex Case}{section.4.2}% 56
\BOOKMARK [2][-]{subsection.4.2.5}{Redshift Considerations}{section.4.2}% 57
\BOOKMARK [2][-]{subsection.4.2.6}{Including Neutrino Mass Hierarchies}{section.4.2}% 58
\BOOKMARK [2][-]{subsection.4.2.7}{The Coupling Constants}{section.4.2}% 59
\BOOKMARK [2][-]{subsection.4.2.8}{Neutrino Clustering}{section.4.2}% 60
\BOOKMARK [2][-]{subsection.4.2.9}{Discussion regarding the consistency of the neutrino and photon flux}{section.4.2}% 61
